{"contracts/FixedSupplyToken.sol":{"l":{"21":2,"22":2,"24":2,"25":2,"26":2,"28":2,"29":2,"33":0,"37":0,"41":0,"45":0,"46":0,"50":0,"52":0,"53":0,"55":0,"59":0,"60":0,"64":0,"65":0,"66":0,"67":0,"72":0,"73":0,"78":0,"79":0,"80":0,"82":0,"84":0,"85":0,"87":0,"89":0},"path":"/Users/markomarinovic/Projects/Personal/eth-token-airdrop/contracts/FixedSupplyToken.sol","s":{"1":2,"2":2,"3":2,"4":2,"5":2,"6":2,"7":2,"8":0,"9":0,"10":0,"11":0,"12":0,"13":0,"14":0,"15":0,"16":0,"17":0,"18":0,"19":0,"20":0,"21":0,"22":0,"23":0,"24":0,"25":0,"26":0,"27":0,"28":0,"29":0,"30":0,"31":0},"b":{"1":[2,0],"2":[2,0],"3":[0,0],"4":[0,0],"5":[0,0],"6":[0,0],"7":[0,0],"8":[0,0],"9":[0,0]},"f":{"1":2,"2":0,"3":0,"4":0,"5":0,"6":0,"7":0,"8":0,"9":0,"10":0},"fnMap":{"1":{"name":null,"line":20,"loc":{"start":{"line":20,"column":4},"end":{"line":20,"column":90}}},"2":{"name":"totalSupply","line":32,"loc":{"start":{"line":32,"column":4},"end":{"line":32,"column":55}}},"3":{"name":"balanceOf","line":36,"loc":{"start":{"line":36,"column":4},"end":{"line":36,"column":64}}},"4":{"name":"allowance","line":40,"loc":{"start":{"line":40,"column":4},"end":{"line":40,"column":83}}},"5":{"name":"transfer","line":44,"loc":{"start":{"line":44,"column":4},"end":{"line":44,"column":72}}},"6":{"name":"transferFrom","line":49,"loc":{"start":{"line":49,"column":4},"end":{"line":49,"column":90}}},"7":{"name":"approve","line":58,"loc":{"start":{"line":58,"column":4},"end":{"line":58,"column":76}}},"8":{"name":"approveAndCall","line":63,"loc":{"start":{"line":63,"column":4},"end":{"line":63,"column":100}}},"9":{"name":null,"line":71,"loc":{"start":{"line":71,"column":4},"end":{"line":71,"column":27}}},"10":{"name":"_transfer","line":77,"loc":{"start":{"line":77,"column":4},"end":{"line":77,"column":66}}}},"statementMap":{"1":{"start":{"line":21,"column":8},"end":{"line":21,"column":58}},"2":{"start":{"line":22,"column":8},"end":{"line":22,"column":29}},"3":{"start":{"line":24,"column":8},"end":{"line":24,"column":27}},"4":{"start":{"line":25,"column":8},"end":{"line":25,"column":38}},"5":{"start":{"line":26,"column":8},"end":{"line":26,"column":47}},"6":{"start":{"line":28,"column":8},"end":{"line":28,"column":61}},"7":{"start":{"line":29,"column":8},"end":{"line":29,"column":77}},"8":{"start":{"line":33,"column":8},"end":{"line":33,"column":27}},"9":{"start":{"line":37,"column":8},"end":{"line":37,"column":30}},"10":{"start":{"line":41,"column":8},"end":{"line":41,"column":41}},"11":{"start":{"line":45,"column":8},"end":{"line":45,"column":39}},"12":{"start":{"line":46,"column":8},"end":{"line":46,"column":19}},"13":{"start":{"line":50,"column":8},"end":{"line":50,"column":53}},"14":{"start":{"line":52,"column":8},"end":{"line":52,"column":44}},"15":{"start":{"line":53,"column":8},"end":{"line":53,"column":33}},"16":{"start":{"line":55,"column":8},"end":{"line":55,"column":19}},"17":{"start":{"line":59,"column":8},"end":{"line":59,"column":46}},"18":{"start":{"line":60,"column":8},"end":{"line":60,"column":19}},"19":{"start":{"line":64,"column":8},"end":{"line":64,"column":56}},"20":{"start":{"line":65,"column":8},"end":{"line":65,"column":2133}},"21":{"start":{"line":67,"column":12},"end":{"line":67,"column":23}},"22":{"start":{"line":72,"column":8},"end":{"line":72,"column":2322}},"23":{"start":{"line":73,"column":12},"end":{"line":73,"column":19}},"24":{"start":{"line":78,"column":8},"end":{"line":78,"column":25}},"25":{"start":{"line":79,"column":8},"end":{"line":79,"column":41}},"26":{"start":{"line":80,"column":8},"end":{"line":80,"column":56}},"27":{"start":{"line":82,"column":8},"end":{"line":82,"column":63}},"28":{"start":{"line":84,"column":8},"end":{"line":84,"column":32}},"29":{"start":{"line":85,"column":8},"end":{"line":85,"column":30}},"30":{"start":{"line":87,"column":8},"end":{"line":87,"column":38}},"31":{"start":{"line":89,"column":8},"end":{"line":89,"column":67}}},"branchMap":{"1":{"line":21,"type":"if","locations":[{"start":{"line":21,"column":8},"end":{"line":21,"column":8}},{"start":{"line":21,"column":8},"end":{"line":21,"column":8}}]},"2":{"line":22,"type":"if","locations":[{"start":{"line":22,"column":8},"end":{"line":22,"column":8}},{"start":{"line":22,"column":8},"end":{"line":22,"column":8}}]},"3":{"line":50,"type":"if","locations":[{"start":{"line":50,"column":8},"end":{"line":50,"column":8}},{"start":{"line":50,"column":8},"end":{"line":50,"column":8}}]},"4":{"line":65,"type":"if","locations":[{"start":{"line":65,"column":8},"end":{"line":65,"column":8}},{"start":{"line":65,"column":8},"end":{"line":65,"column":8}}]},"5":{"line":72,"type":"if","locations":[{"start":{"line":72,"column":8},"end":{"line":72,"column":8}},{"start":{"line":72,"column":8},"end":{"line":72,"column":8}}]},"6":{"line":78,"type":"if","locations":[{"start":{"line":78,"column":8},"end":{"line":78,"column":8}},{"start":{"line":78,"column":8},"end":{"line":78,"column":8}}]},"7":{"line":79,"type":"if","locations":[{"start":{"line":79,"column":8},"end":{"line":79,"column":8}},{"start":{"line":79,"column":8},"end":{"line":79,"column":8}}]},"8":{"line":80,"type":"if","locations":[{"start":{"line":80,"column":8},"end":{"line":80,"column":8}},{"start":{"line":80,"column":8},"end":{"line":80,"column":8}}]},"9":{"line":89,"type":"if","locations":[{"start":{"line":89,"column":8},"end":{"line":89,"column":8}},{"start":{"line":89,"column":8},"end":{"line":89,"column":8}}]}}},"contracts/TokenDistribution.sol":{"l":{"42":2,"43":2,"45":2,"49":0,"50":0,"52":0,"53":0,"54":0,"55":0,"56":0,"57":0,"58":0,"64":0,"65":0,"66":0,"68":0,"69":0,"70":0,"72":0,"73":0,"75":0,"78":0,"85":0,"89":0,"90":0,"91":0,"93":0,"94":0,"95":0},"path":"/Users/markomarinovic/Projects/Personal/eth-token-airdrop/contracts/TokenDistribution.sol","s":{"1":2,"2":2,"3":2,"4":0,"5":0,"6":0,"7":0,"8":0,"9":0,"10":0,"11":0,"12":0,"13":0,"14":0,"15":0,"16":0,"17":0,"18":0,"19":0,"20":0,"21":0,"22":0,"23":0,"24":0,"25":0,"26":0,"27":0,"28":0,"29":0,"30":0},"b":{"1":[2,0],"2":[0,0],"3":[0,0],"4":[0,0],"5":[0,0],"6":[0,0],"7":[0,0],"8":[0,0],"9":[0,0],"10":[0,0],"11":[0,0],"12":[0,0],"13":[0,0],"14":[0,0],"15":[0,0],"16":[0,0]},"f":{"1":2,"2":0,"3":0,"4":0},"fnMap":{"1":{"name":null,"line":41,"loc":{"start":{"line":41,"column":4},"end":{"line":41,"column":37}}},"2":{"name":"airdrop","line":48,"loc":{"start":{"line":48,"column":4},"end":{"line":48,"column":57}}},"3":{"name":"addAllocation","line":63,"loc":{"start":{"line":63,"column":4},"end":{"line":63,"column":114}}},"4":{"name":"withdrawAllocation","line":88,"loc":{"start":{"line":88,"column":4},"end":{"line":88,"column":57}}}},"statementMap":{"1":{"start":{"line":42,"column":8},"end":{"line":42,"column":32}},"2":{"start":{"line":43,"column":8},"end":{"line":43,"column":64}},"3":{"start":{"line":45,"column":8},"end":{"line":45,"column":29}},"4":{"start":{"line":49,"column":8},"end":{"line":49,"column":31}},"5":{"start":{"line":50,"column":8},"end":{"line":50,"column":53}},"6":{"start":{"line":52,"column":8},"end":{"line":52,"column":1527}},"7":{"start":{"line":53,"column":12},"end":{"line":53,"column":49}},"8":{"start":{"line":54,"column":12},"end":{"line":54,"column":1638}},"9":{"start":{"line":55,"column":16},"end":{"line":55,"column":46}},"10":{"start":{"line":56,"column":16},"end":{"line":56,"column":77}},"11":{"start":{"line":57,"column":16},"end":{"line":57,"column":85}},"12":{"start":{"line":58,"column":16},"end":{"line":58,"column":59}},"13":{"start":{"line":64,"column":8},"end":{"line":64,"column":38}},"14":{"start":{"line":65,"column":8},"end":{"line":65,"column":27}},"15":{"start":{"line":66,"column":8},"end":{"line":66,"column":49}},"16":{"start":{"line":68,"column":8},"end":{"line":68,"column":2225}},"17":{"start":{"line":69,"column":12},"end":{"line":69,"column":63}},"18":{"start":{"line":70,"column":12},"end":{"line":70,"column":91}},"19":{"start":{"line":71,"column":14},"end":{"line":71,"column":2439}},"20":{"start":{"line":72,"column":12},"end":{"line":72,"column":60}},"21":{"start":{"line":73,"column":12},"end":{"line":73,"column":85}},"22":{"start":{"line":75,"column":12},"end":{"line":75,"column":19}},"23":{"start":{"line":78,"column":8},"end":{"line":78,"column":2684}},"24":{"start":{"line":85,"column":8},"end":{"line":85,"column":44}},"25":{"start":{"line":89,"column":8},"end":{"line":89,"column":63}},"26":{"start":{"line":90,"column":8},"end":{"line":90,"column":57}},"27":{"start":{"line":91,"column":8},"end":{"line":91,"column":86}},"28":{"start":{"line":93,"column":8},"end":{"line":93,"column":104}},"29":{"start":{"line":94,"column":8},"end":{"line":94,"column":58}},"30":{"start":{"line":95,"column":8},"end":{"line":95,"column":58}}},"branchMap":{"1":{"line":42,"type":"if","locations":[{"start":{"line":42,"column":8},"end":{"line":42,"column":8}},{"start":{"line":42,"column":8},"end":{"line":42,"column":8}}]},"2":{"line":49,"type":"if","locations":[{"start":{"line":49,"column":8},"end":{"line":49,"column":8}},{"start":{"line":49,"column":8},"end":{"line":49,"column":8}}]},"3":{"line":50,"type":"if","locations":[{"start":{"line":50,"column":8},"end":{"line":50,"column":8}},{"start":{"line":50,"column":8},"end":{"line":50,"column":8}}]},"4":{"line":54,"type":"if","locations":[{"start":{"line":54,"column":12},"end":{"line":54,"column":12}},{"start":{"line":54,"column":12},"end":{"line":54,"column":12}}]},"5":{"line":57,"type":"if","locations":[{"start":{"line":57,"column":16},"end":{"line":57,"column":16}},{"start":{"line":57,"column":16},"end":{"line":57,"column":16}}]},"6":{"line":64,"type":"if","locations":[{"start":{"line":64,"column":8},"end":{"line":64,"column":8}},{"start":{"line":64,"column":8},"end":{"line":64,"column":8}}]},"7":{"line":65,"type":"if","locations":[{"start":{"line":65,"column":8},"end":{"line":65,"column":8}},{"start":{"line":65,"column":8},"end":{"line":65,"column":8}}]},"8":{"line":66,"type":"if","locations":[{"start":{"line":66,"column":8},"end":{"line":66,"column":8}},{"start":{"line":66,"column":8},"end":{"line":66,"column":8}}]},"9":{"line":68,"type":"if","locations":[{"start":{"line":68,"column":8},"end":{"line":68,"column":8}},{"start":{"line":68,"column":8},"end":{"line":68,"column":8}}]},"10":{"line":69,"type":"if","locations":[{"start":{"line":69,"column":12},"end":{"line":69,"column":12}},{"start":{"line":69,"column":12},"end":{"line":69,"column":12}}]},"11":{"line":71,"type":"if","locations":[{"start":{"line":71,"column":14},"end":{"line":71,"column":14}},{"start":{"line":71,"column":14},"end":{"line":71,"column":14}}]},"12":{"line":72,"type":"if","locations":[{"start":{"line":72,"column":12},"end":{"line":72,"column":12}},{"start":{"line":72,"column":12},"end":{"line":72,"column":12}}]},"13":{"line":89,"type":"if","locations":[{"start":{"line":89,"column":8},"end":{"line":89,"column":8}},{"start":{"line":89,"column":8},"end":{"line":89,"column":8}}]},"14":{"line":90,"type":"if","locations":[{"start":{"line":90,"column":8},"end":{"line":90,"column":8}},{"start":{"line":90,"column":8},"end":{"line":90,"column":8}}]},"15":{"line":91,"type":"if","locations":[{"start":{"line":91,"column":8},"end":{"line":91,"column":8}},{"start":{"line":91,"column":8},"end":{"line":91,"column":8}}]},"16":{"line":94,"type":"if","locations":[{"start":{"line":94,"column":8},"end":{"line":94,"column":8}},{"start":{"line":94,"column":8},"end":{"line":94,"column":8}}]}}}}